Building DAG of jobs...
Job stats:
job                   count    min threads    max threads
------------------  -------  -------------  -------------
align_reads              12              1              1
all                       1              1              1
build_bowtie_index        2              1              1
demux_fastqs             24              1              1
rename_fastqs            24              1              1
trim_reads                3              1              1
total                    66              1              1


[Tue Mar 29 16:20:23 2022]
rule trim_reads:
    input: /fh/fast/berger_a/SR/ngs/illumina/pparrish/200722_D00300_1006_AHFFK7BCX3/Unaligned/Project_pparrish/test_array/PP_pgRNA_HeLa_S1_R1_001.fastq.gz
    output: /fh/fast/berger_a/grp/bergerlab_shared/Projects/paralog_pgRNA/trimmed_fastqs/200722_HeLa_screen/test_snakemake/PP_pgPEN_HeLa_R1_trimmed.fastq
    log: logs/trim_fastqs/R1.log
    jobid: 1
    wildcards: read=R1
    resources: tmpdir=/loc/scratch/52718598

zcat /fh/fast/berger_a/SR/ngs/illumina/pparrish/200722_D00300_1006_AHFFK7BCX3/Unaligned/Project_pparrish/test_array/PP_pgRNA_HeLa_S1_R1_001.fastq.gz | fastx_trimmer -f 1 -l 20 -o /fh/fast/berger_a/grp/bergerlab_shared/Projects/paralog_pgRNA/trimmed_fastqs/200722_HeLa_screen/test_snakemake/PP_pgPEN_HeLa_R1_trimmed.fastq

[Tue Mar 29 16:20:23 2022]
rule trim_reads:
    input: /fh/fast/berger_a/SR/ngs/illumina/pparrish/200722_D00300_1006_AHFFK7BCX3/Unaligned/Project_pparrish/test_array/PP_pgRNA_HeLa_S1_R3_001.fastq.gz
    output: /fh/fast/berger_a/grp/bergerlab_shared/Projects/paralog_pgRNA/trimmed_fastqs/200722_HeLa_screen/test_snakemake/PP_pgPEN_HeLa_R3_trimmed.fastq
    log: logs/trim_fastqs/R3.log
    jobid: 3
    wildcards: read=R3
    resources: tmpdir=/loc/scratch/52718598

zcat /fh/fast/berger_a/SR/ngs/illumina/pparrish/200722_D00300_1006_AHFFK7BCX3/Unaligned/Project_pparrish/test_array/PP_pgRNA_HeLa_S1_R3_001.fastq.gz | fastx_trimmer -f 1 -l 6 -o /fh/fast/berger_a/grp/bergerlab_shared/Projects/paralog_pgRNA/trimmed_fastqs/200722_HeLa_screen/test_snakemake/PP_pgPEN_HeLa_R3_trimmed.fastq

[Tue Mar 29 16:20:23 2022]
rule build_bowtie_index:
    input: /fh/fast/berger_a/grp/bergerlab_shared/Projects/paralog_pgRNA/pgRNA_fastas/pgPEN_R1.fa
    output: /fh/fast/berger_a/grp/bergerlab_shared/Projects/paralog_pgRNA/bowtie1_indices/pgPEN_R1
    jobid: 52
    wildcards: dmx_read=R1
    resources: tmpdir=/loc/scratch/52718598

bowtie-build -f /fh/fast/berger_a/grp/bergerlab_shared/Projects/paralog_pgRNA/pgRNA_fastas/pgPEN_R1.fa /fh/fast/berger_a/grp/bergerlab_shared/Projects/paralog_pgRNA/bowtie1_indices/pgPEN_R1

[Tue Mar 29 16:20:23 2022]
rule build_bowtie_index:
    input: /fh/fast/berger_a/grp/bergerlab_shared/Projects/paralog_pgRNA/pgRNA_fastas/pgPEN_R2.fa
    output: /fh/fast/berger_a/grp/bergerlab_shared/Projects/paralog_pgRNA/bowtie1_indices/pgPEN_R2
    jobid: 53
    wildcards: dmx_read=R2
    resources: tmpdir=/loc/scratch/52718598

bowtie-build -f /fh/fast/berger_a/grp/bergerlab_shared/Projects/paralog_pgRNA/pgRNA_fastas/pgPEN_R2.fa /fh/fast/berger_a/grp/bergerlab_shared/Projects/paralog_pgRNA/bowtie1_indices/pgPEN_R2

[Tue Mar 29 16:20:23 2022]
rule trim_reads:
    input: /fh/fast/berger_a/SR/ngs/illumina/pparrish/200722_D00300_1006_AHFFK7BCX3/Unaligned/Project_pparrish/test_array/PP_pgRNA_HeLa_S1_R2_001.fastq.gz
    output: /fh/fast/berger_a/grp/bergerlab_shared/Projects/paralog_pgRNA/trimmed_fastqs/200722_HeLa_screen/test_snakemake/PP_pgPEN_HeLa_R2_trimmed.fastq
    log: logs/trim_fastqs/R2.log
    jobid: 2
    wildcards: read=R2
    resources: tmpdir=/loc/scratch/52718598

zcat /fh/fast/berger_a/SR/ngs/illumina/pparrish/200722_D00300_1006_AHFFK7BCX3/Unaligned/Project_pparrish/test_array/PP_pgRNA_HeLa_S1_R2_001.fastq.gz | fastx_trimmer -f 2 -l 21 -o /fh/fast/berger_a/grp/bergerlab_shared/Projects/paralog_pgRNA/trimmed_fastqs/200722_HeLa_screen/test_snakemake/PP_pgPEN_HeLa_R2_trimmed.fastq

[Tue Mar 29 16:20:23 2022]
rule demux_fastqs:
    input: /fh/fast/berger_a/grp/bergerlab_shared/Projects/paralog_pgRNA/trimmed_fastqs/200722_HeLa_screen/test_snakemake/PP_pgPEN_HeLa_R3_trimmed.fastq, /fh/fast/berger_a/grp/bergerlab_shared/Projects/paralog_pgRNA/trimmed_fastqs/200722_HeLa_screen/test_snakemake/PP_pgPEN_HeLa_R1_trimmed.fastq, /fh/fast/berger_a/grp/bergerlab_shared/Projects/paralog_pgRNA/trimmed_fastqs/200722_HeLa_screen/test_snakemake/PP_pgPEN_HeLa_R2_trimmed.fastq, /fh/fast/berger_a/grp/bergerlab_shared/Projects/paralog_pgRNA/demultiplex/200722_HeLa_screen/test_snakemake/ref/barcode_ref_file.txt
    output: /fh/fast/berger_a/grp/bergerlab_shared/Projects/paralog_pgRNA/demultiplex/200722_HeLa_screen/test_snakemake/PP_pgPEN_HeLa_R1_trimmed.fastq_Day22_RepB.fastq
    jobid: 33
    wildcards: dmx_read=R1, sample=Day22_RepB
    resources: tmpdir=/loc/scratch/52718598

