Building DAG of jobs...
Job stats:
job           count    min threads    max threads
----------  -------  -------------  -------------
all               1              1              1
trim_reads        3              1              1
total             4              1              1


[Wed Mar  9 12:26:20 2022]
rule trim_reads:
    input: /fh/fast/berger_a/SR/ngs/illumina/pparrish/200722_D00300_1006_AHFFK7BCX3/Unaligned/Project_pparrish/test_array/PP_pgRNA_HeLa_S1_R1_001.fastq.gz
    output: /fh/fast/berger_a/grp/bergerlab_shared/Projects/paralog_pgRNA/trimmed_fastqs/200722_HeLa_screen/test_snakemake/PP_pgPEN_HeLa_R1_trimmed.fastq
    log: logs/trim_fastqs/R1.log
    jobid: 1
    wildcards: read=R1
    resources: tmpdir=/loc/scratch/50391963

InputFunctionException in line 54 of /home/pparrish/pgPEN_pipeline/Snakefile:
Error:
  KeyError: 'R'
Wildcards:
  read=R1
Traceback:
  File "/home/pparrish/pgPEN_pipeline/Snakefile", line 62, in <lambda>
